<?xml version="1.0" encoding="UTF-8"?>
<Site BuildName="Linux-g++"
	BuildStamp="20250614-2103-Experimental"
	Name="fedora"
	Generator="ctest-3.31.8"
	CompilerName="/usr/bin/g++"
	CompilerVersion="14.3.0"
	OSName="Linux"
	Hostname="fedora"
	OSRelease="6.14.9-300.fc42.x86_64"
	OSVersion="#1 SMP PREEMPT_DYNAMIC Thu May 29 14:27:53 UTC 2025"
	OSPlatform="x86_64"
	Is64Bits="1"
	VendorString="AuthenticAMD"
	VendorID="Advanced Micro Devices"
	FamilyID="25"
	ModelID="116"
	ModelName="AMD Ryzen 7 7840HS with Radeon 780M Graphics"
	ProcessorCacheSize="1024"
	NumberOfLogicalCPU="16"
	NumberOfPhysicalCPU="8"
	TotalVirtualMemory="8191"
	TotalPhysicalMemory="27734"
	LogicalProcessorsPerPhysical="2"
	ProcessorClockFrequency="2870.11"
	>
	<Testing>
		<StartDateTime>Jun 14 23:09 BST</StartDateTime>
		<StartTestTime>1749938949</StartTestTime>
		<TestList/>
		<EndDateTime>Jun 14 23:09 BST</EndDateTime>
		<EndTestTime>1749938949</EndTestTime>
		<ElapsedMinutes>0</ElapsedMinutes>
	</Testing>
</Site>
